tflite_things/app/build/outputs/logs/manifest-merger-debug-report.txt
-- Merging decision tree log ---
manifest
ADDED from src/main/AndroidManifest.xml:18:1-51:12
INJECTED from src/main/AndroidManifest.xml:18:1-51:12
MERGED from [com.google.android.things.contrib:driver-rainbowhat:0.11] AndroidManifest.xml:17:1-30:12
MERGED from [org.tensorflow:tensorflow-lite:0.1.1] AndroidManifest.xml:2:1-6:12
MERGED from [com.google.android.things.contrib:driver-apa102:0.7] AndroidManifest.xml:17:1-30:12
MERGED from [com.google.android.things.contrib:driver-button:0.7] AndroidManifest.xml:17:1-30:12
MERGED from [com.google.android.things.contrib:driver-bmx280:0.6] AndroidManifest.xml:17:1-30:12
MERGED from [com.google.android.things.contrib:driver-ht16k33:0.6] AndroidManifest.xml:17:1-30:12
MERGED from [com.google.android.things.contrib:driver-pwmspeaker:0.5] AndroidManifest.xml:17:1-30:12
MERGED from [com.google.android.things.contrib:driver-pwmservo:0.5] AndroidManifest.xml:17:1-30:12
INJECTED from src/main/AndroidManifest.xml:18:1-51:12
	package
		ADDED from src/main/AndroidManifest.xml:19:5-56
		INJECTED from src/main/AndroidManifest.xml
		INJECTED from src/main/AndroidManifest.xml
	xmlns:android
		ADDED from src/main/AndroidManifest.xml:18:11-69
uses-permission#android.permission.READ_EXTERNAL_STORAGE
ADDED from src/main/AndroidManifest.xml:21:5-79
	android:name
		ADDED from src/main/AndroidManifest.xml:21:22-77
uses-permission#android.permission.CAMERA
ADDED from src/main/AndroidManifest.xml:23:5-64
	android:name
		ADDED from src/main/AndroidManifest.xml:23:22-62
uses-permission#com.google.android.things.permission.MANAGE_INPUT_DRIVERS
ADDED from src/main/AndroidManifest.xml:24:5-97
	android:name
		ADDED from src/main/AndroidManifest.xml:24:22-94
application
ADDED from src/main/AndroidManifest.xml:27:5-49:19
MERGED from [com.google.android.things.contrib:driver-rainbowhat:0.11] AndroidManifest.xml:24:5-28:19
MERGED from [com.google.android.things.contrib:driver-rainbowhat:0.11] AndroidManifest.xml:24:5-28:19
MERGED from [org.tensorflow:tensorflow-lite:0.1.1] AndroidManifest.xml:4:45-5:18
MERGED from [org.tensorflow:tensorflow-lite:0.1.1] AndroidManifest.xml:4:45-5:18
MERGED from [com.google.android.things.contrib:driver-apa102:0.7] AndroidManifest.xml:24:5-28:19
MERGED from [com.google.android.things.contrib:driver-apa102:0.7] AndroidManifest.xml:24:5-28:19
MERGED from [com.google.android.things.contrib:driver-button:0.7] AndroidManifest.xml:24:5-28:19
MERGED from [com.google.android.things.contrib:driver-button:0.7] AndroidManifest.xml:24:5-28:19
MERGED from [com.google.android.things.contrib:driver-bmx280:0.6] AndroidManifest.xml:24:5-28:19
MERGED from [com.google.android.things.contrib:driver-bmx280:0.6] AndroidManifest.xml:24:5-28:19
MERGED from [com.google.android.things.contrib:driver-ht16k33:0.6] AndroidManifest.xml:24:5-28:19
MERGED from [com.google.android.things.contrib:driver-ht16k33:0.6] AndroidManifest.xml:24:5-28:19
MERGED from [com.google.android.things.contrib:driver-pwmspeaker:0.5] AndroidManifest.xml:24:5-28:19
MERGED from [com.google.android.things.contrib:driver-pwmspeaker:0.5] AndroidManifest.xml:24:5-28:19
MERGED from [com.google.android.things.contrib:driver-pwmservo:0.5] AndroidManifest.xml:24:5-28:19
MERGED from [com.google.android.things.contrib:driver-pwmservo:0.5] AndroidManifest.xml:24:5-28:19
	android:label
		ADDED from src/main/AndroidManifest.xml:28:9-41
	android:icon
		ADDED from src/main/AndroidManifest.xml:29:9-58
	android:allowBackup
		ADDED from src/main/AndroidManifest.xml:27:18-44
	android:theme
		ADDED from src/main/AndroidManifest.xml:30:9-67
activity#com.example.androidthings.imageclassifier.ImageClassifierActivity
ADDED from src/main/AndroidManifest.xml:32:9-48:20
	android:screenOrientation
		ADDED from src/main/AndroidManifest.xml:33:13-50
	android:label
		ADDED from src/main/AndroidManifest.xml:34:13-45
	android:name
		ADDED from src/main/AndroidManifest.xml:32:19-58
intent-filter#android.intent.action.MAIN+android.intent.category.LAUNCHER
ADDED from src/main/AndroidManifest.xml:35:13-38:29
action#android.intent.action.MAIN
ADDED from src/main/AndroidManifest.xml:36:17-69
	android:name
		ADDED from src/main/AndroidManifest.xml:36:25-66
category#android.intent.category.LAUNCHER
ADDED from src/main/AndroidManifest.xml:37:17-77
	android:name
		ADDED from src/main/AndroidManifest.xml:37:27-74
uses-sdk
INJECTED from src/main/AndroidManifest.xml reason: use-sdk injection requested
INJECTED from src/main/AndroidManifest.xml
INJECTED from src/main/AndroidManifest.xml
MERGED from [com.google.android.things.contrib:driver-rainbowhat:0.11] AndroidManifest.xml:20:5-22:41
MERGED from [com.google.android.things.contrib:driver-rainbowhat:0.11] AndroidManifest.xml:20:5-22:41
MERGED from [org.tensorflow:tensorflow-lite:0.1.1] AndroidManifest.xml:4:4-45
MERGED from [org.tensorflow:tensorflow-lite:0.1.1] AndroidManifest.xml:4:4-45
MERGED from [com.google.android.things.contrib:driver-apa102:0.7] AndroidManifest.xml:20:5-22:41
MERGED from [com.google.android.things.contrib:driver-apa102:0.7] AndroidManifest.xml:20:5-22:41
MERGED from [com.google.android.things.contrib:driver-button:0.7] AndroidManifest.xml:20:5-22:41
MERGED from [com.google.android.things.contrib:driver-button:0.7] AndroidManifest.xml:20:5-22:41
MERGED from [com.google.android.things.contrib:driver-bmx280:0.6] AndroidManifest.xml:20:5-22:41
MERGED from [com.google.android.things.contrib:driver-bmx280:0.6] AndroidManifest.xml:20:5-22:41
MERGED from [com.google.android.things.contrib:driver-ht16k33:0.6] AndroidManifest.xml:20:5-22:41
MERGED from [com.google.android.things.contrib:driver-ht16k33:0.6] AndroidManifest.xml:20:5-22:41
MERGED from [com.google.android.things.contrib:driver-pwmspeaker:0.5] AndroidManifest.xml:20:5-22:41
MERGED from [com.google.android.things.contrib:driver-pwmspeaker:0.5] AndroidManifest.xml:20:5-22:41
MERGED from [com.google.android.things.contrib:driver-pwmservo:0.5] AndroidManifest.xml:20:5-22:41
MERGED from [com.google.android.things.contrib:driver-pwmservo:0.5] AndroidManifest.xml:20:5-22:41
INJECTED from src/main/AndroidManifest.xml
INJECTED from src/main/AndroidManifest.xml
	android:targetSdkVersion
		INJECTED from src/main/AndroidManifest.xml
		ADDED from src/main/AndroidManifest.xml
		INJECTED from src/main/AndroidManifest.xml
	android:minSdkVersion
		INJECTED from src/main/AndroidManifest.xml
		ADDED from src/main/AndroidManifest.xml
		MERGED from src/main/AndroidManifest.xml
		INJECTED from src/main/AndroidManifest.xml
uses-library#com.google.android.things
ADDED from [com.google.android.things.contrib:driver-rainbowhat:0.11] AndroidManifest.xml:25:9-27:40
MERGED from [com.google.android.things.contrib:driver-apa102:0.7] AndroidManifest.xml:25:9-27:40
MERGED from [com.google.android.things.contrib:driver-apa102:0.7] AndroidManifest.xml:25:9-27:40
MERGED from [com.google.android.things.contrib:driver-button:0.7] AndroidManifest.xml:25:9-27:40
MERGED from [com.google.android.things.contrib:driver-button:0.7] AndroidManifest.xml:25:9-27:40
MERGED from [com.google.android.things.contrib:driver-bmx280:0.6] AndroidManifest.xml:25:9-27:40
MERGED from [com.google.android.things.contrib:driver-bmx280:0.6] AndroidManifest.xml:25:9-27:40
MERGED from [com.google.android.things.contrib:driver-ht16k33:0.6] AndroidManifest.xml:25:9-27:40
MERGED from [com.google.android.things.contrib:driver-ht16k33:0.6] AndroidManifest.xml:25:9-27:40
MERGED from [com.google.android.things.contrib:driver-pwmspeaker:0.5] AndroidManifest.xml:25:9-27:40
MERGED from [com.google.android.things.contrib:driver-pwmspeaker:0.5] AndroidManifest.xml:25:9-27:40
MERGED from [com.google.android.things.contrib:driver-pwmservo:0.5] AndroidManifest.xml:25:9-27:40
MERGED from [com.google.android.things.contrib:driver-pwmservo:0.5] AndroidManifest.xml:25:9-27:40
	android:required
		ADDED from [com.google.android.things.contrib:driver-rainbowhat:0.11] AndroidManifest.xml:27:13-37
	android:name
		ADDED from [com.google.android.things.contrib:driver-rainbowhat:0.11] AndroidManifest.xml:26:13-53